node : TypeError: 
Cannot read properties 
of undefined (reading 
'id')
At line:1 char:1
+ node 
test_reconciler.mjs 
2>&1 | Out-File 
-Encoding utf8 
error_utf8.lo ...
+ ~~~~~~~~~~~~~~~~~~~~~~
~~~~~~~
    + CategoryInfo      
        : NotSpecified  
  : (TypeError: Cann.   
 .. (reading 'id'):S    
tring) [], RemoteEx    
ception
    + FullyQualifiedErr 
   orId : NativeComman  
  dError
 
    at run (file:///C:/U
sers/rchsu/OneDrive/Docu
ments/Cymonic%20Technolo
gies/minuta/test_reconci
ler.mjs:18:121)
    at process.processTi
cksAndRejections (node:i
nternal/process/task_que
ues:105:5)
